TN:
SF:lib\CategoryService.js
FN:5,(anonymous_0)
FN:10,(anonymous_1)
FN:19,(anonymous_2)
FN:28,(anonymous_3)
FN:36,(anonymous_4)
FN:63,(anonymous_5)
FN:82,(anonymous_6)
FNF:7
FNH:0
FNDA:0,(anonymous_0)
FNDA:0,(anonymous_1)
FNDA:0,(anonymous_2)
FNDA:0,(anonymous_3)
FNDA:0,(anonymous_4)
FNDA:0,(anonymous_5)
FNDA:0,(anonymous_6)
DA:6,0
DA:7,0
DA:11,0
DA:20,0
DA:21,0
DA:27,0
DA:28,0
DA:37,0
DA:38,0
DA:39,0
DA:45,0
DA:46,0
DA:47,0
DA:49,0
DA:59,0
DA:60,0
DA:64,0
DA:65,0
DA:66,0
DA:67,0
DA:68,0
DA:70,0
DA:71,0
DA:78,0
DA:79,0
DA:83,0
DA:84,0
DA:89,0
DA:93,0
LF:29
LH:0
BRDA:11,0,0,0
BRDA:11,0,1,0
BRDA:11,1,0,0
BRDA:11,1,1,0
BRDA:20,2,0,0
BRDA:20,2,1,0
BRDA:20,3,0,0
BRDA:20,3,1,0
BRDA:27,4,0,0
BRDA:27,4,1,0
BRDA:28,5,0,0
BRDA:28,5,1,0
BRDA:37,6,0,0
BRDA:37,6,1,0
BRDA:37,7,0,0
BRDA:37,7,1,0
BRDA:37,7,2,0
BRDA:46,8,0,0
BRDA:46,8,1,0
BRDA:59,9,0,0
BRDA:59,9,1,0
BRDA:64,10,0,0
BRDA:64,10,1,0
BRDA:64,11,0,0
BRDA:64,11,1,0
BRDA:64,11,2,0
BRDA:66,12,0,0
BRDA:66,12,1,0
BRDA:70,13,0,0
BRDA:70,13,1,0
BRDA:78,14,0,0
BRDA:78,14,1,0
BRDA:79,15,0,0
BRDA:79,15,1,0
BRDA:83,16,0,0
BRDA:83,16,1,0
BRDA:83,17,0,0
BRDA:83,17,1,0
BRDA:83,17,2,0
BRDA:89,18,0,0
BRDA:89,18,1,0
BRF:41
BRH:0
end_of_record
TN:
SF:lib\MediaPipeline.js
FN:9,normalizeBadgeLabel
FN:14,buildImageTransformations
FN:42,buildVideoAnimatedPreviewUrl
FN:53,buildVideoOgPreviewUrl
FN:64,buildImagePreviewUrl
FN:83,buildProductLink
FNF:6
FNH:0
FNDA:0,normalizeBadgeLabel
FNDA:0,buildImageTransformations
FNDA:0,buildVideoAnimatedPreviewUrl
FNDA:0,buildVideoOgPreviewUrl
FNDA:0,buildImagePreviewUrl
FNDA:0,buildProductLink
DA:4,0
DA:5,0
DA:6,0
DA:7,0
DA:10,0
DA:11,0
DA:15,0
DA:16,0
DA:17,0
DA:18,0
DA:20,0
DA:23,0
DA:25,0
DA:26,0
DA:39,0
DA:43,0
DA:54,0
DA:67,0
DA:77,0
DA:94,0
DA:100,0
DA:101,0
DA:102,0
DA:103,0
DA:105,0
DA:108,0
LF:26
LH:0
BRDA:10,0,0,0
BRDA:10,0,1,0
BRDA:11,1,0,0
BRDA:11,1,1,0
BRDA:16,2,0,0
BRDA:16,2,1,0
BRDA:17,3,0,0
BRDA:17,3,1,0
BRDA:20,4,0,0
BRDA:20,4,1,0
BRDA:25,5,0,0
BRDA:25,5,1,0
BRDA:33,6,0,0
BRDA:33,6,1,0
BRDA:64,7,0,0
BRDA:72,8,0,0
BRDA:72,8,1,0
BRDA:95,9,0,0
BRDA:95,9,1,0
BRDA:96,10,0,0
BRDA:96,10,1,0
BRDA:97,11,0,0
BRDA:97,11,1,0
BRDA:100,12,0,0
BRDA:100,12,1,0
BRDA:102,13,0,0
BRDA:102,13,1,0
BRDA:103,14,0,0
BRDA:103,14,1,0
BRF:29
BRH:0
end_of_record
TN:
SF:lib\OrderService.js
FN:5,(anonymous_0)
FN:10,(anonymous_1)
FN:27,(anonymous_2)
FN:39,(anonymous_3)
FNF:4
FNH:0
FNDA:0,(anonymous_0)
FNDA:0,(anonymous_1)
FNDA:0,(anonymous_2)
FNDA:0,(anonymous_3)
DA:6,0
DA:7,0
DA:11,0
DA:12,0
DA:23,0
DA:24,0
DA:28,0
DA:29,0
DA:35,0
DA:36,0
DA:40,0
DA:41,0
DA:46,0
DA:47,0
DA:51,0
LF:15
LH:0
BRDA:11,0,0,0
BRDA:11,0,1,0
BRDA:23,1,0,0
BRDA:23,1,1,0
BRDA:28,2,0,0
BRDA:28,2,1,0
BRDA:35,3,0,0
BRDA:35,3,1,0
BRDA:40,4,0,0
BRDA:40,4,1,0
BRDA:46,5,0,0
BRDA:46,5,1,0
BRDA:46,6,0,0
BRDA:46,6,1,0
BRF:14
BRH:0
end_of_record
TN:
SF:lib\PaystackService.js
FN:5,(anonymous_0)
FN:10,(anonymous_1)
FN:28,(anonymous_2)
FN:44,(anonymous_3)
FNF:4
FNH:0
FNDA:0,(anonymous_0)
FNDA:0,(anonymous_1)
FNDA:0,(anonymous_2)
FNDA:0,(anonymous_3)
DA:6,0
DA:7,0
DA:11,0
DA:12,0
DA:19,0
DA:20,0
DA:22,0
DA:23,0
DA:24,0
DA:25,0
DA:29,0
DA:35,0
DA:36,0
DA:37,0
DA:45,0
DA:46,0
DA:50,0
LF:17
LH:0
BRDA:19,0,0,0
BRDA:19,0,1,0
BRDA:19,1,0,0
BRDA:19,1,1,0
BRDA:19,1,2,0
BRDA:24,2,0,0
BRDA:24,2,1,0
BRDA:24,3,0,0
BRDA:24,3,1,0
BRDA:33,4,0,0
BRDA:33,4,1,0
BRDA:35,5,0,0
BRDA:35,5,1,0
BRF:13
BRH:0
end_of_record
TN:
SF:lib\ProductService.js
FN:5,(anonymous_0)
FN:14,(anonymous_1)
FN:53,(anonymous_2)
FN:90,(anonymous_3)
FN:110,(anonymous_4)
FNF:5
FNH:0
FNDA:0,(anonymous_0)
FNDA:0,(anonymous_1)
FNDA:0,(anonymous_2)
FNDA:0,(anonymous_3)
FNDA:0,(anonymous_4)
DA:6,0
DA:7,0
DA:15,0
DA:16,0
DA:27,0
DA:28,0
DA:30,0
DA:36,0
DA:37,0
DA:38,0
DA:39,0
DA:40,0
DA:46,0
DA:47,0
DA:54,0
DA:55,0
DA:62,0
DA:63,0
DA:71,0
DA:72,0
DA:91,0
DA:92,0
DA:93,0
DA:97,0
DA:98,0
DA:99,0
DA:100,0
DA:101,0
DA:105,0
DA:106,0
DA:107,0
DA:109,0
DA:110,0
DA:124,0
LF:34
LH:0
BRDA:14,0,0,0
BRDA:14,1,0,0
BRDA:14,2,0,0
BRDA:14,3,0,0
BRDA:14,4,0,0
BRDA:14,5,0,0
BRDA:14,6,0,0
BRDA:15,7,0,0
BRDA:15,7,1,0
BRDA:18,8,0,0
BRDA:18,8,1,0
BRDA:22,9,0,0
BRDA:22,9,1,0
BRDA:23,10,0,0
BRDA:23,10,1,0
BRDA:24,11,0,0
BRDA:24,11,1,0
BRDA:25,12,0,0
BRDA:25,12,1,0
BRDA:27,13,0,0
BRDA:27,13,1,0
BRDA:28,14,0,0
BRDA:28,14,1,0
BRDA:37,15,0,0
BRDA:37,15,1,0
BRDA:37,16,0,0
BRDA:37,16,1,0
BRDA:46,17,0,0
BRDA:46,17,1,0
BRDA:54,18,0,0
BRDA:54,18,1,0
BRDA:54,19,0,0
BRDA:54,19,1,0
BRDA:62,20,0,0
BRDA:62,20,1,0
BRDA:62,21,0,0
BRDA:62,21,1,0
BRDA:71,22,0,0
BRDA:71,22,1,0
BRDA:71,23,0,0
BRDA:71,23,1,0
BRDA:77,24,0,0
BRDA:77,24,1,0
BRDA:78,25,0,0
BRDA:78,25,1,0
BRDA:79,26,0,0
BRDA:79,26,1,0
BRDA:80,27,0,0
BRDA:80,27,1,0
BRDA:81,28,0,0
BRDA:81,28,1,0
BRDA:82,29,0,0
BRDA:82,29,1,0
BRDA:90,30,0,0
BRDA:90,31,0,0
BRDA:91,32,0,0
BRDA:91,32,1,0
BRDA:97,33,0,0
BRDA:97,33,1,0
BRDA:98,34,0,0
BRDA:98,34,1,0
BRDA:100,35,0,0
BRDA:100,35,1,0
BRDA:100,36,0,0
BRDA:100,36,1,0
BRDA:105,37,0,0
BRDA:105,37,1,0
BRDA:106,38,0,0
BRDA:106,38,1,0
BRDA:109,39,0,0
BRDA:109,39,1,0
BRDA:110,40,0,0
BRDA:110,40,1,0
BRDA:115,41,0,0
BRDA:115,41,1,0
BRDA:116,42,0,0
BRDA:116,42,1,0
BRDA:117,43,0,0
BRDA:117,43,1,0
BRDA:118,44,0,0
BRDA:118,44,1,0
BRDA:119,45,0,0
BRDA:119,45,1,0
BRF:83
BRH:0
end_of_record
TN:
SF:lib\VideoGenerator.js
FN:41,ensureDir
FN:50,rmRecursive
FN:63,runFfmpeg
FN:64,(anonymous_3)
FN:67,(anonymous_4)
FN:68,(anonymous_5)
FN:80,toPositiveNumber
FN:86,normalizeTransitionType
FN:105,generateSlideshowVideo
FN:240,uploadToCloudinary
FN:241,(anonymous_10)
FN:246,(anonymous_11)
FNF:12
FNH:11
FNDA:6,ensureDir
FNDA:6,rmRecursive
FNDA:6,runFfmpeg
FNDA:6,(anonymous_3)
FNDA:0,(anonymous_4)
FNDA:6,(anonymous_5)
FNDA:18,toPositiveNumber
FNDA:6,normalizeTransitionType
FNDA:8,generateSlideshowVideo
FNDA:2,uploadToCloudinary
FNDA:2,(anonymous_10)
FNDA:2,(anonymous_11)
DA:5,1
DA:6,1
DA:7,1
DA:8,1
DA:9,1
DA:11,1
DA:12,1
DA:13,1
DA:14,1
DA:15,1
DA:16,1
DA:18,1
DA:42,6
DA:43,6
DA:51,6
DA:52,6
DA:53,11
DA:54,11
DA:55,11
DA:57,6
DA:64,6
DA:65,6
DA:66,6
DA:67,6
DA:68,6
DA:69,6
DA:71,0
DA:72,0
DA:73,0
DA:76,6
DA:81,18
DA:82,18
DA:83,18
DA:87,6
DA:88,6
DA:116,8
DA:117,1
DA:119,7
DA:120,1
DA:123,6
DA:124,6
DA:126,6
DA:127,6
DA:128,6
DA:129,12
DA:130,12
DA:131,10
DA:132,10
DA:133,10
DA:134,10
DA:137,6
DA:138,0
DA:141,6
DA:142,6
DA:143,6
DA:144,6
DA:145,6
DA:146,6
DA:147,6
DA:150,6
DA:151,6
DA:152,6
DA:154,6
DA:155,6
DA:156,6
DA:157,10
DA:160,6
DA:161,6
DA:172,6
DA:173,10
DA:174,10
DA:175,6
DA:176,3
DA:178,6
DA:179,3
DA:182,10
DA:183,10
DA:186,6
DA:187,2
DA:189,4
DA:190,8
DA:191,4
DA:194,6
DA:195,1
DA:196,1
DA:197,1
DA:198,1
DA:199,1
DA:200,1
DA:201,1
DA:208,6
DA:209,6
DA:210,6
DA:211,6
DA:226,6
DA:227,6
DA:229,6
DA:241,2
DA:242,2
DA:246,2
DA:247,2
DA:248,1
DA:256,1
LF:103
LH:99
BRDA:42,0,0,6
BRDA:42,0,1,0
BRDA:51,1,0,0
BRDA:51,1,1,6
BRDA:54,2,0,0
BRDA:54,2,1,11
BRDA:69,3,0,6
BRDA:69,3,1,0
BRDA:82,4,0,0
BRDA:82,4,1,18
BRDA:82,5,0,18
BRDA:82,5,1,18
BRDA:87,6,0,6
BRDA:87,6,1,0
BRDA:88,7,0,6
BRDA:88,7,1,0
BRDA:107,8,0,7
BRDA:109,9,0,7
BRDA:110,10,0,7
BRDA:111,11,0,6
BRDA:112,12,0,8
BRDA:113,13,0,8
BRDA:114,14,0,8
BRDA:116,15,0,1
BRDA:116,15,1,7
BRDA:116,16,0,8
BRDA:116,16,1,8
BRDA:119,17,0,1
BRDA:119,17,1,6
BRDA:130,18,0,2
BRDA:130,18,1,10
BRDA:130,19,0,12
BRDA:130,19,1,10
BRDA:131,20,0,10
BRDA:131,20,1,0
BRDA:137,21,0,0
BRDA:137,21,1,6
BRDA:147,22,0,1
BRDA:147,22,1,5
BRDA:150,23,0,6
BRDA:150,23,1,4
BRDA:150,23,2,3
BRDA:174,24,0,6
BRDA:174,24,1,4
BRDA:175,25,0,3
BRDA:175,25,1,3
BRDA:178,26,0,3
BRDA:178,26,1,3
BRDA:186,27,0,2
BRDA:186,27,1,4
BRDA:194,28,0,1
BRDA:194,28,1,5
BRDA:208,29,0,1
BRDA:208,29,1,5
BRDA:209,30,0,1
BRDA:209,30,1,5
BRDA:210,31,0,1
BRDA:210,31,1,5
BRDA:240,32,0,2
BRDA:244,33,0,2
BRDA:244,33,1,0
BRDA:247,34,0,1
BRDA:247,34,1,1
BRF:63
BRH:53
end_of_record
TN:
SF:lib\VideoJobQueue.js
FN:17,(anonymous_0)
FN:27,(anonymous_1)
FN:36,(anonymous_2)
FN:58,(anonymous_3)
FN:65,(anonymous_4)
FN:84,(anonymous_5)
FNF:6
FNH:0
FNDA:0,(anonymous_0)
FNDA:0,(anonymous_1)
FNDA:0,(anonymous_2)
FNDA:0,(anonymous_3)
FNDA:0,(anonymous_4)
FNDA:0,(anonymous_5)
DA:5,0
DA:6,0
DA:7,0
DA:9,0
DA:18,0
DA:19,0
DA:20,0
DA:21,0
DA:22,0
DA:23,0
DA:24,0
DA:28,0
DA:29,0
DA:37,0
DA:38,0
DA:50,0
DA:51,0
DA:52,0
DA:59,0
DA:66,0
DA:67,0
DA:68,0
DA:69,0
DA:70,0
DA:73,0
DA:74,0
DA:75,0
DA:77,0
DA:78,0
DA:79,0
DA:80,0
DA:83,0
DA:84,0
DA:86,0
DA:87,0
DA:90,0
DA:91,0
DA:92,0
DA:94,0
DA:103,0
DA:105,0
DA:106,0
DA:107,0
DA:108,0
DA:109,0
DA:110,0
DA:115,0
DA:118,0
DA:119,0
DA:121,0
DA:122,0
DA:124,0
DA:125,0
DA:130,0
LF:54
LH:0
BRDA:21,0,0,0
BRDA:21,0,1,0
BRDA:28,1,0,0
BRDA:28,1,1,0
BRDA:36,2,0,0
BRDA:59,3,0,0
BRDA:59,3,1,0
BRDA:66,4,0,0
BRDA:66,4,1,0
BRDA:66,5,0,0
BRDA:66,5,1,0
BRDA:69,6,0,0
BRDA:69,6,1,0
BRDA:69,7,0,0
BRDA:69,7,1,0
BRDA:79,8,0,0
BRDA:79,8,1,0
BRDA:79,9,0,0
BRDA:79,9,1,0
BRDA:84,10,0,0
BRDA:84,10,1,0
BRDA:86,11,0,0
BRDA:86,11,1,0
BRDA:96,12,0,0
BRDA:96,12,1,0
BRDA:96,13,0,0
BRDA:96,13,1,0
BRDA:97,14,0,0
BRDA:97,14,1,0
BRDA:98,15,0,0
BRDA:98,15,1,0
BRDA:99,16,0,0
BRDA:99,16,1,0
BRDA:105,17,0,0
BRDA:105,17,1,0
BRDA:122,18,0,0
BRDA:122,18,1,0
BRF:37
BRH:0
end_of_record
TN:
SF:lib\downloadUtils.js
FN:14,downloadUrl
FN:15,(anonymous_1)
FN:23,(anonymous_2)
FN:26,(anonymous_3)
FN:31,(anonymous_4)
FN:35,(anonymous_5)
FN:40,(anonymous_6)
FN:42,(anonymous_7)
FN:45,(anonymous_8)
FN:48,(anonymous_9)
FNF:10
FNH:0
FNDA:0,downloadUrl
FNDA:0,(anonymous_1)
FNDA:0,(anonymous_2)
FNDA:0,(anonymous_3)
FNDA:0,(anonymous_4)
FNDA:0,(anonymous_5)
FNDA:0,(anonymous_6)
FNDA:0,(anonymous_7)
FNDA:0,(anonymous_8)
FNDA:0,(anonymous_9)
DA:4,0
DA:5,0
DA:6,0
DA:15,0
DA:16,0
DA:17,0
DA:18,0
DA:19,0
DA:23,0
DA:24,0
DA:25,0
DA:26,0
DA:27,0
DA:29,0
DA:30,0
DA:31,0
DA:32,0
DA:34,0
DA:35,0
DA:36,0
DA:37,0
DA:40,0
DA:41,0
DA:42,0
DA:43,0
DA:45,0
DA:46,0
DA:47,0
DA:48,0
DA:49,0
DA:54,0
LF:31
LH:0
BRDA:17,0,0,0
BRDA:17,0,1,0
BRDA:24,1,0,0
BRDA:24,1,1,0
BRDA:24,2,0,0
BRDA:24,2,1,0
BRDA:24,2,2,0
BRDA:29,3,0,0
BRDA:29,3,1,0
BRF:9
BRH:0
end_of_record
